  % Total    % Received % Xferd  Average Speed   Time    Time     Time  Current
                                 Dload  Upload   Total   Spent    Left  Speed
  0     0    0     0    0     0      0      0 --:--:-- --:--:-- --:--:--     0  0     0    0     0    0     0      0      0 --:--:-- --:--:-- --:--:--     0  0     0    0     0    0     0      0      0 --:--:--  0:00:01 --:--:--     0  0     0    0     0    0     0      0      0 --:--:--  0:00:02 --:--:--     0  0     0    0     0    0     0      0      0 --:--:--  0:00:03 --:--:--     0
  % Total    % Received % Xferd  Average Speed   Time    Time     Time  Current
                                 Dload  Upload   Total   Spent    Left  Speed
  0     0    0     0    0     0      0      0 --:--:-- --:--:-- --:--:--     0  0     0    0     0    0     0      0      0 --:--:-- --:--:-- --:--:--     0100   219  100   219    0     0    922      0 --:--:-- --:--:-- --:--:--   920
<HTML><HEAD><meta http-equiv="content-type" content="text/html;charset=utf-8">
<TITLE>301 Moved</TITLE></HEAD><BODY>
<H1>301 Moved</H1>
The document has moved
<A HREF="http://www.google.com/">here</A>.
</BODY></HTML>

Preloading Datasets:   0%|          | 0/16 [00:00<?, ?it/s]Preloading Datasets:   6%|▋         | 1/16 [00:05<01:28,  5.92s/it]Preloading Datasets:  12%|█▎        | 2/16 [00:07<00:51,  3.65s/it]Preloading Datasets:  19%|█▉        | 3/16 [00:12<00:52,  4.00s/it]Preloading Datasets:  25%|██▌       | 4/16 [00:14<00:41,  3.44s/it]Preloading Datasets:  31%|███▏      | 5/16 [00:17<00:32,  2.95s/it]Preloading Datasets:  38%|███▊      | 6/16 [00:19<00:27,  2.70s/it]Preloading Datasets:  44%|████▍     | 7/16 [00:21<00:23,  2.61s/it]Preloading Datasets:  50%|█████     | 8/16 [00:23<00:19,  2.44s/it]Preloading Datasets:  56%|█████▋    | 9/16 [00:26<00:18,  2.60s/it]Preloading Datasets:  62%|██████▎   | 10/16 [00:28<00:14,  2.50s/it]Preloading Datasets:  69%|██████▉   | 11/16 [00:32<00:13,  2.71s/it]Preloading Datasets:  75%|███████▌  | 12/16 [00:34<00:10,  2.56s/it]Preloading Datasets:  81%|████████▏ | 13/16 [00:38<00:09,  3.17s/it]Preloading Datasets:  88%|████████▊ | 14/16 [00:41<00:05,  2.85s/it]Preloading Datasets:  94%|█████████▍| 15/16 [00:44<00:02,  2.89s/it]Preloading Datasets: 100%|██████████| 16/16 [00:48<00:00,  3.23s/it]Preloading Datasets: 100%|██████████| 16/16 [00:48<00:00,  3.01s/it]

Datasets:   0%|          | 0/16 [00:00<?, ?it/s]Token indices sequence length is longer than the specified maximum sequence length for this model (34743 > 512). Running this sequence through the model will result in indexing errors
Datasets:   6%|▋         | 1/16 [06:08<1:32:09, 368.60s/it]Datasets:  12%|█▎        | 2/16 [07:18<44:58, 192.76s/it]  Datasets:  19%|█▉        | 3/16 [08:26<29:25, 135.77s/it]Datasets:  25%|██▌       | 4/16 [11:59<33:15, 166.32s/it]Datasets:  31%|███▏      | 5/16 [13:28<25:21, 138.32s/it]Datasets:  38%|███▊      | 6/16 [16:42<26:15, 157.51s/it]Datasets:  44%|████▍     | 7/16 [19:01<22:41, 151.30s/it]Datasets:  50%|█████     | 8/16 [21:56<21:10, 158.84s/it]Datasets:  56%|█████▋    | 9/16 [22:24<13:47, 118.15s/it]Datasets:  62%|██████▎   | 10/16 [24:02<11:10, 111.73s/it]Datasets:  69%|██████▉   | 11/16 [30:10<15:51, 190.23s/it]Datasets:  75%|███████▌  | 12/16 [33:37<13:00, 195.23s/it]Datasets:  81%|████████▏ | 13/16 [36:25<09:21, 187.20s/it]Datasets:  88%|████████▊ | 14/16 [37:47<05:10, 155.21s/it]Datasets:  94%|█████████▍| 15/16 [40:09<02:31, 151.42s/it]Datasets: 100%|██████████| 16/16 [42:01<00:00, 139.29s/it]Datasets: 100%|██████████| 16/16 [42:01<00:00, 157.56s/it]
/root/DL_A2/code/cpc-main/evaluation/result/formal/ll2_bl/ll2_2k.json
  % Total    % Received % Xferd  Average Speed   Time    Time     Time  Current
                                 Dload  Upload   Total   Spent    Left  Speed
  0     0    0     0    0     0      0      0 --:--:-- --:--:-- --:--:--     0  0     0    0     0    0     0      0      0 --:--:-- --:--:-- --:--:--     0100   219  100   219    0     0    941      0 --:--:-- --:--:-- --:--:--   939
<HTML><HEAD><meta http-equiv="content-type" content="text/html;charset=utf-8">
<TITLE>301 Moved</TITLE></HEAD><BODY>
<H1>301 Moved</H1>
The document has moved
<A HREF="http://www.google.com/">here</A>.
</BODY></HTML>
  % Total    % Received % Xferd  Average Speed   Time    Time     Time  Current
                                 Dload  Upload   Total   Spent    Left  Speed
  0     0    0     0    0     0      0      0 --:--:-- --:--:-- --:--:--     0100   219  100   219    0     0    883      0 --:--:-- --:--:-- --:--:--   886
<HTML><HEAD><meta http-equiv="content-type" content="text/html;charset=utf-8">
<TITLE>301 Moved</TITLE></HEAD><BODY>
<H1>301 Moved</H1>
The document has moved
<A HREF="http://www.google.com/">here</A>.
</BODY></HTML>

Preloading Datasets:   0%|          | 0/16 [00:00<?, ?it/s]Preloading Datasets:   6%|▋         | 1/16 [00:05<01:29,  5.99s/it]Preloading Datasets:  12%|█▎        | 2/16 [00:08<00:54,  3.86s/it]Preloading Datasets:  19%|█▉        | 3/16 [00:10<00:42,  3.25s/it]Preloading Datasets:  25%|██▌       | 4/16 [00:13<00:35,  2.92s/it]Preloading Datasets:  31%|███▏      | 5/16 [00:15<00:28,  2.61s/it]Preloading Datasets:  38%|███▊      | 6/16 [00:17<00:24,  2.42s/it]Preloading Datasets:  44%|████▍     | 7/16 [00:19<00:20,  2.29s/it]Preloading Datasets:  50%|█████     | 8/16 [00:21<00:18,  2.26s/it]Preloading Datasets:  56%|█████▋    | 9/16 [00:23<00:15,  2.21s/it]Preloading Datasets:  62%|██████▎   | 10/16 [00:25<00:13,  2.21s/it]Preloading Datasets:  69%|██████▉   | 11/16 [00:28<00:10,  2.17s/it]Preloading Datasets:  75%|███████▌  | 12/16 [00:30<00:08,  2.15s/it]Preloading Datasets:  81%|████████▏ | 13/16 [00:32<00:06,  2.27s/it]Preloading Datasets:  88%|████████▊ | 14/16 [00:38<00:06,  3.31s/it]Preloading Datasets:  94%|█████████▍| 15/16 [00:41<00:03,  3.35s/it]Preloading Datasets: 100%|██████████| 16/16 [00:44<00:00,  3.02s/it]Preloading Datasets: 100%|██████████| 16/16 [00:44<00:00,  2.75s/it]

Datasets:   0%|          | 0/16 [00:00<?, ?it/s]Token indices sequence length is longer than the specified maximum sequence length for this model (34743 > 512). Running this sequence through the model will result in indexing errors
Datasets:   6%|▋         | 1/16 [17:24<4:21:02, 1044.15s/it]Datasets:  12%|█▎        | 2/16 [20:51<2:08:42, 551.64s/it] Datasets:  19%|█▉        | 3/16 [24:14<1:25:04, 392.62s/it]Datasets:  25%|██▌       | 4/16 [32:32<1:26:51, 434.32s/it]Datasets:  31%|███▏      | 5/16 [37:01<1:08:41, 374.70s/it]Datasets:  38%|███▊      | 6/16 [47:06<1:15:27, 452.80s/it]Datasets:  44%|████▍     | 7/16 [54:15<1:06:47, 445.23s/it]Datasets:  50%|█████     | 8/16 [1:03:07<1:03:01, 472.72s/it]Datasets:  56%|█████▋    | 9/16 [1:04:53<41:47, 358.23s/it]  Datasets:  62%|██████▎   | 10/16 [1:10:35<35:18, 353.03s/it]Datasets:  69%|██████▉   | 11/16 [1:27:57<46:59, 563.94s/it]Datasets:  75%|███████▌  | 12/16 [1:40:05<40:55, 613.79s/it]Datasets:  81%|████████▏ | 13/16 [1:49:45<30:10, 603.58s/it]Datasets:  88%|████████▊ | 14/16 [1:53:59<16:36, 498.04s/it]Datasets:  94%|█████████▍| 15/16 [2:01:14<07:59, 479.05s/it]Datasets: 100%|██████████| 16/16 [2:06:52<00:00, 436.59s/it]Datasets: 100%|██████████| 16/16 [2:06:52<00:00, 475.77s/it]
/root/DL_A2/code/cpc-main/evaluation/result/formal/ll2_bl/ll2_1k.json
  % Total    % Received % Xferd  Average Speed   Time    Time     Time  Current
                                 Dload  Upload   Total   Spent    Left  Speed
  0     0    0     0    0     0      0      0 --:--:-- --:--:-- --:--:--     0100   219  100   219    0     0    837      0 --:--:-- --:--:-- --:--:--   839
<HTML><HEAD><meta http-equiv="content-type" content="text/html;charset=utf-8">
<TITLE>301 Moved</TITLE></HEAD><BODY>
<H1>301 Moved</H1>
The document has moved
<A HREF="http://www.google.com/">here</A>.
</BODY></HTML>
  % Total    % Received % Xferd  Average Speed   Time    Time     Time  Current
                                 Dload  Upload   Total   Spent    Left  Speed
  0     0    0     0    0     0      0      0 --:--:-- --:--:-- --:--:--     0  0     0    0     0    0     0      0      0 --:--:--  0:00:01 --:--:--     0  0     0    0     0    0     0      0      0 --:--:--  0:00:02 --:--:--     0100   219  100   219    0     0     82      0  0:00:02  0:00:02 --:--:--    82
<HTML><HEAD><meta http-equiv="content-type" content="text/html;charset=utf-8">
<TITLE>301 Moved</TITLE></HEAD><BODY>
<H1>301 Moved</H1>
The document has moved
<A HREF="http://www.google.com/">here</A>.
</BODY></HTML>

Preloading Datasets:   0%|          | 0/16 [00:00<?, ?it/s]Preloading Datasets:   6%|▋         | 1/16 [00:07<01:57,  7.85s/it]Preloading Datasets:   6%|▋         | 1/16 [00:14<03:35, 14.37s/it]
urllib3.exceptions.SSLError: [SSL: UNEXPECTED_EOF_WHILE_READING] EOF occurred in violation of protocol (_ssl.c:1000)

The above exception was the direct cause of the following exception:

Traceback (most recent call last):
  File "/root/miniconda3/lib/python3.12/site-packages/requests/adapters.py", line 667, in send
    resp = conn.urlopen(
           ^^^^^^^^^^^^^
  File "/root/miniconda3/lib/python3.12/site-packages/urllib3/connectionpool.py", line 844, in urlopen
    retries = retries.increment(
              ^^^^^^^^^^^^^^^^^^
  File "/root/miniconda3/lib/python3.12/site-packages/urllib3/util/retry.py", line 515, in increment
    raise MaxRetryError(_pool, url, reason) from reason  # type: ignore[arg-type]
    ^^^^^^^^^^^^^^^^^^^^^^^^^^^^^^^^^^^^^^^^^^^^^^^^^^^
urllib3.exceptions.MaxRetryError: HTTPSConnectionPool(host='huggingface.co', port=443): Max retries exceeded with url: /api/datasets/THUDM/LongBench/revision/a8b3fea296d0126b1887abb5ad2004d9184344fc (Caused by SSLError(SSLEOFError(8, '[SSL: UNEXPECTED_EOF_WHILE_READING] EOF occurred in violation of protocol (_ssl.c:1000)')))

During handling of the above exception, another exception occurred:

Traceback (most recent call last):
  File "/root/DL_A2/code/cpc-main/evaluation/ll2_compress.py", line 164, in <module>
    main(args)
  File "/root/DL_A2/code/cpc-main/evaluation/ll2_compress.py", line 52, in main
    dataset_examples[ds] = list(load_dataset(
                                ^^^^^^^^^^^^^
  File "/root/miniconda3/lib/python3.12/site-packages/datasets/load.py", line 2062, in load_dataset
    builder_instance = load_dataset_builder(
                       ^^^^^^^^^^^^^^^^^^^^^
  File "/root/miniconda3/lib/python3.12/site-packages/datasets/load.py", line 1819, in load_dataset_builder
    builder_instance: DatasetBuilder = builder_cls(
                                       ^^^^^^^^^^^^
  File "/root/miniconda3/lib/python3.12/site-packages/datasets/builder.py", line 343, in __init__
    self.config, self.config_id = self._create_builder_config(
                                  ^^^^^^^^^^^^^^^^^^^^^^^^^^^^
  File "/root/miniconda3/lib/python3.12/site-packages/datasets/builder.py", line 598, in _create_builder_config
    builder_config._resolve_data_files(
  File "/root/miniconda3/lib/python3.12/site-packages/datasets/builder.py", line 207, in _resolve_data_files
    self.data_files = self.data_files.resolve(base_path, download_config)
                      ^^^^^^^^^^^^^^^^^^^^^^^^^^^^^^^^^^^^^^^^^^^^^^^^^^^
  File "/root/miniconda3/lib/python3.12/site-packages/datasets/data_files.py", line 789, in resolve
    out[key] = data_files_patterns_list.resolve(base_path, download_config)
               ^^^^^^^^^^^^^^^^^^^^^^^^^^^^^^^^^^^^^^^^^^^^^^^^^^^^^^^^^^^^
  File "/root/miniconda3/lib/python3.12/site-packages/datasets/data_files.py", line 752, in resolve
    origin_metadata = _get_origin_metadata(data_files, download_config=download_config)
                      ^^^^^^^^^^^^^^^^^^^^^^^^^^^^^^^^^^^^^^^^^^^^^^^^^^^^^^^^^^^^^^^^^
  File "/root/miniconda3/lib/python3.12/site-packages/datasets/data_files.py", line 507, in _get_origin_metadata
    return thread_map(
           ^^^^^^^^^^^
  File "/root/miniconda3/lib/python3.12/site-packages/tqdm/contrib/concurrent.py", line 69, in thread_map
    return _executor_map(ThreadPoolExecutor, fn, *iterables, **tqdm_kwargs)
           ^^^^^^^^^^^^^^^^^^^^^^^^^^^^^^^^^^^^^^^^^^^^^^^^^^^^^^^^^^^^^^^^
  File "/root/miniconda3/lib/python3.12/site-packages/tqdm/contrib/concurrent.py", line 51, in _executor_map
    return list(tqdm_class(ex.map(fn, *iterables, chunksize=chunksize), **kwargs))
           ^^^^^^^^^^^^^^^^^^^^^^^^^^^^^^^^^^^^^^^^^^^^^^^^^^^^^^^^^^^^^^^^^^^^^^^
  File "/root/miniconda3/lib/python3.12/site-packages/tqdm/std.py", line 1169, in __iter__
    for obj in iterable:
  File "/root/miniconda3/lib/python3.12/concurrent/futures/_base.py", line 619, in result_iterator
    yield _result_or_cancel(fs.pop())
          ^^^^^^^^^^^^^^^^^^^^^^^^^^^
  File "/root/miniconda3/lib/python3.12/concurrent/futures/_base.py", line 317, in _result_or_cancel
    return fut.result(timeout)
           ^^^^^^^^^^^^^^^^^^^
  File "/root/miniconda3/lib/python3.12/concurrent/futures/_base.py", line 456, in result
    return self.__get_result()
           ^^^^^^^^^^^^^^^^^^^
  File "/root/miniconda3/lib/python3.12/concurrent/futures/_base.py", line 401, in __get_result
    raise self._exception
  File "/root/miniconda3/lib/python3.12/concurrent/futures/thread.py", line 58, in run
    result = self.fn(*self.args, **self.kwargs)
             ^^^^^^^^^^^^^^^^^^^^^^^^^^^^^^^^^^
  File "/root/miniconda3/lib/python3.12/site-packages/datasets/data_files.py", line 486, in _get_single_origin_metadata
    resolved_path = fs.resolve_path(data_file)
                    ^^^^^^^^^^^^^^^^^^^^^^^^^^
  File "/root/miniconda3/lib/python3.12/site-packages/huggingface_hub/hf_file_system.py", line 198, in resolve_path
    repo_and_revision_exist, err = self._repo_and_revision_exist(repo_type, repo_id, revision)
                                   ^^^^^^^^^^^^^^^^^^^^^^^^^^^^^^^^^^^^^^^^^^^^^^^^^^^^^^^^^^^
  File "/root/miniconda3/lib/python3.12/site-packages/huggingface_hub/hf_file_system.py", line 125, in _repo_and_revision_exist
    self._api.repo_info(
  File "/root/miniconda3/lib/python3.12/site-packages/huggingface_hub/utils/_validators.py", line 114, in _inner_fn
    return fn(*args, **kwargs)
           ^^^^^^^^^^^^^^^^^^^
  File "/root/miniconda3/lib/python3.12/site-packages/huggingface_hub/hf_api.py", line 2807, in repo_info
    return method(
           ^^^^^^^
  File "/root/miniconda3/lib/python3.12/site-packages/huggingface_hub/utils/_validators.py", line 114, in _inner_fn
    return fn(*args, **kwargs)
           ^^^^^^^^^^^^^^^^^^^
  File "/root/miniconda3/lib/python3.12/site-packages/huggingface_hub/hf_api.py", line 2664, in dataset_info
    r = get_session().get(path, headers=headers, timeout=timeout, params=params)
        ^^^^^^^^^^^^^^^^^^^^^^^^^^^^^^^^^^^^^^^^^^^^^^^^^^^^^^^^^^^^^^^^^^^^^^^^
  File "/root/miniconda3/lib/python3.12/site-packages/requests/sessions.py", line 602, in get
    return self.request("GET", url, **kwargs)
           ^^^^^^^^^^^^^^^^^^^^^^^^^^^^^^^^^^
  File "/root/miniconda3/lib/python3.12/site-packages/requests/sessions.py", line 589, in request
    resp = self.send(prep, **send_kwargs)
           ^^^^^^^^^^^^^^^^^^^^^^^^^^^^^^
  File "/root/miniconda3/lib/python3.12/site-packages/requests/sessions.py", line 703, in send
    r = adapter.send(request, **kwargs)
        ^^^^^^^^^^^^^^^^^^^^^^^^^^^^^^^
  File "/root/miniconda3/lib/python3.12/site-packages/huggingface_hub/utils/_http.py", line 96, in send
    return super().send(request, *args, **kwargs)
           ^^^^^^^^^^^^^^^^^^^^^^^^^^^^^^^^^^^^^^
  File "/root/miniconda3/lib/python3.12/site-packages/requests/adapters.py", line 698, in send
    raise SSLError(e, request=request)
requests.exceptions.SSLError: (MaxRetryError("HTTPSConnectionPool(host='huggingface.co', port=443): Max retries exceeded with url: /api/datasets/THUDM/LongBench/revision/a8b3fea296d0126b1887abb5ad2004d9184344fc (Caused by SSLError(SSLEOFError(8, '[SSL: UNEXPECTED_EOF_WHILE_READING] EOF occurred in violation of protocol (_ssl.c:1000)')))"), '(Request ID: 8bae5968-7d67-449c-a4b3-f266ea5ad202)')
